# JRE version: 7.0_21-b02
# Java VM: OpenJDK Server VM (23.7-b01 mixed mode linux-x86 )
Heap
 PSYoungGen      total 422016K, used 53635K [0x93b00000, 0xb3300000, 0xb3300000)
  eden space 333568K, 14% used [0x93b00000,0x96a5a670,0xa80c0000)
  from space 88448K, 5% used [0xadca0000,0xae1a66d8,0xb3300000)
  to   space 91264K, 0% used [0xa80c0000,0xa80c0000,0xad9e0000)
 ParOldGen       total 314304K, used 178691K [0x54b00000, 0x67df0000, 0x93b00000)
  object space 314304K, 56% used [0x54b00000,0x5f980c30,0x67df0000)
 PSPermGen       total 131072K, used 21706K [0x4cb00000, 0x54b00000, 0x54b00000)
  object space 131072K, 16% used [0x4cb00000,0x4e032870,0x54b00000)
GC Heap History (10 events):
Event: 4.494 GC heap before
{Heap before GC invocations=7 (full 0):
 PSYoungGen      total 438848K, used 438832K [0x93b00000, 0xb3300000, 0xb3300000)
  eden space 382720K, 100% used [0x93b00000,0xab0c0000,0xab0c0000)
  from space 56128K, 99% used [0xafc30000,0xb32fc300,0xb3300000)
  to   space 66688K, 0% used [0xab0c0000,0xab0c0000,0xaf1e0000)
 ParOldGen       total 174784K, used 106640K [0x54b00000, 0x5f5b0000, 0x93b00000)
  object space 174784K, 61% used [0x54b00000,0x5b324308,0x5f5b0000)
 PSPermGen       total 131072K, used 21601K [0x4cb00000, 0x54b00000, 0x54b00000)
  object space 131072K, 16% used [0x4cb00000,0x4e0185f8,0x54b00000)
Event: 4.560 GC heap after
Heap after GC invocations=7 (full 0):
 PSYoungGen      total 449408K, used 66676K [0x93b00000, 0xb3300000, 0xb3300000)
  eden space 382720K, 0% used [0x93b00000,0x93b00000,0xab0c0000)
  from space 66688K, 99% used [0xab0c0000,0xaf1dd1d8,0xaf1e0000)
  to   space 66688K, 0% used [0xaf1e0000,0xaf1e0000,0xb3300000)
 ParOldGen       total 174784K, used 142195K [0x54b00000, 0x5f5b0000, 0x93b00000)
  object space 174784K, 81% used [0x54b00000,0x5d5dccb8,0x5f5b0000)
 PSPermGen       total 131072K, used 21601K [0x4cb00000, 0x54b00000, 0x54b00000)
  object space 131072K, 16% used [0x4cb00000,0x4e0185f8,0x54b00000)
}
Event: 4.560 GC heap before
{Heap before GC invocations=8 (full 1):
 PSYoungGen      total 449408K, used 66676K [0x93b00000, 0xb3300000, 0xb3300000)
  eden space 382720K, 0% used [0x93b00000,0x93b00000,0xab0c0000)
  from space 66688K, 99% used [0xab0c0000,0xaf1dd1d8,0xaf1e0000)
  to   space 66688K, 0% used [0xaf1e0000,0xaf1e0000,0xb3300000)
 ParOldGen       total 174784K, used 142195K [0x54b00000, 0x5f5b0000, 0x93b00000)
  object space 174784K, 81% used [0x54b00000,0x5d5dccb8,0x5f5b0000)
 PSPermGen       total 131072K, used 21601K [0x4cb00000, 0x54b00000, 0x54b00000)
  object space 131072K, 16% used [0x4cb00000,0x4e0185f8,0x54b00000)
Event: 4.705 GC heap after
Heap after GC invocations=8 (full 1):
 PSYoungGen      total 449408K, used 9184K [0x93b00000, 0xb3300000, 0xb3300000)
  eden space 382720K, 0% used [0x93b00000,0x93b00000,0xab0c0000)
  from space 66688K, 13% used [0xab0c0000,0xab9b8200,0xaf1e0000)
  to   space 66688K, 0% used [0xaf1e0000,0xaf1e0000,0xb3300000)
 ParOldGen       total 314304K, used 174783K [0x54b00000, 0x67df0000, 0x93b00000)
  object space 314304K, 55% used [0x54b00000,0x5f5afd70,0x67df0000)
 PSPermGen       total 131072K, used 21552K [0x4cb00000, 0x54b00000, 0x54b00000)
  object space 131072K, 16% used [0x4cb00000,0x4e00c1e8,0x54b00000)
}
Event: 5.141 GC heap before
{Heap before GC invocations=9 (full 1):
 PSYoungGen      total 449408K, used 391904K [0x93b00000, 0xb3300000, 0xb3300000)
  eden space 382720K, 100% used [0x93b00000,0xab0c0000,0xab0c0000)
  from space 66688K, 13% used [0xab0c0000,0xab9b8200,0xaf1e0000)
  to   space 66688K, 0% used [0xaf1e0000,0xaf1e0000,0xb3300000)
 ParOldGen       total 314304K, used 174783K [0x54b00000, 0x67df0000, 0x93b00000)
  object space 314304K, 55% used [0x54b00000,0x5f5afd70,0x67df0000)
 PSPermGen       total 131072K, used 21558K [0x4cb00000, 0x54b00000, 0x54b00000)
  object space 131072K, 16% used [0x4cb00000,0x4e00daa0,0x54b00000)
Event: 5.178 GC heap after
Heap after GC invocations=9 (full 1):
 PSYoungGen      total 398720K, used 50925K [0x93b00000, 0xb3300000, 0xb3300000)
  eden space 332032K, 0% used [0x93b00000,0x93b00000,0xa7f40000)
  from space 66688K, 76% used [0xaf1e0000,0xb239b520,0xb3300000)
  to   space 92032K, 0% used [0xa7f40000,0xa7f40000,0xad920000)
 ParOldGen       total 314304K, used 174783K [0x54b00000, 0x67df0000, 0x93b00000)
  object space 314304K, 55% used [0x54b00000,0x5f5afd70,0x67df0000)
 PSPermGen       total 131072K, used 21558K [0x4cb00000, 0x54b00000, 0x54b00000)
  object space 131072K, 16% used [0x4cb00000,0x4e00daa0,0x54b00000)
}
Event: 6.391 GC heap before
{Heap before GC invocations=10 (full 1):
 PSYoungGen      total 398720K, used 382957K [0x93b00000, 0xb3300000, 0xb3300000)
  eden space 332032K, 100% used [0x93b00000,0xa7f40000,0xa7f40000)
  from space 66688K, 76% used [0xaf1e0000,0xb239b520,0xb3300000)
  to   space 92032K, 0% used [0xa7f40000,0xa7f40000,0xad920000)
 ParOldGen       total 314304K, used 174783K [0x54b00000, 0x67df0000, 0x93b00000)
  object space 314304K, 55% used [0x54b00000,0x5f5afd70,0x67df0000)
 PSPermGen       total 131072K, used 21609K [0x4cb00000, 0x54b00000, 0x54b00000)
  object space 131072K, 16% used [0x4cb00000,0x4e01a438,0x54b00000)
Event: 6.426 GC heap after
Heap after GC invocations=10 (full 1):
 PSYoungGen      total 424064K, used 49696K [0x93b00000, 0xb3300000, 0xb3300000)
  eden space 332032K, 0% used [0x93b00000,0x93b00000,0xa7f40000)
  from space 92032K, 53% used [0xa7f40000,0xaafc8020,0xad920000)
  to   space 88448K, 0% used [0xadca0000,0xadca0000,0xb3300000)
 ParOldGen       total 314304K, used 174783K [0x54b00000, 0x67df0000, 0x93b00000)
  object space 314304K, 55% used [0x54b00000,0x5f5afd70,0x67df0000)
 PSPermGen       total 131072K, used 21609K [0x4cb00000, 0x54b00000, 0x54b00000)
  object space 131072K, 16% used [0x4cb00000,0x4e01a438,0x54b00000)
}
Event: 9.155 GC heap before
{Heap before GC invocations=11 (full 1):
 PSYoungGen      total 424064K, used 381728K [0x93b00000, 0xb3300000, 0xb3300000)
  eden space 332032K, 100% used [0x93b00000,0xa7f40000,0xa7f40000)
  from space 92032K, 53% used [0xa7f40000,0xaafc8020,0xad920000)
  to   space 88448K, 0% used [0xadca0000,0xadca0000,0xb3300000)
 ParOldGen       total 314304K, used 174783K [0x54b00000, 0x67df0000, 0x93b00000)
  object space 314304K, 55% used [0x54b00000,0x5f5afd70,0x67df0000)
 PSPermGen       total 131072K, used 21697K [0x4cb00000, 0x54b00000, 0x54b00000)
  object space 131072K, 16% used [0x4cb00000,0x4e0307e8,0x54b00000)
Event: 9.168 GC heap after
Heap after GC invocations=11 (full 1):
 PSYoungGen      total 422016K, used 5145K [0x93b00000, 0xb3300000, 0xb3300000)
  eden space 333568K, 0% used [0x93b00000,0x93b00000,0xa80c0000)
  from space 88448K, 5% used [0xadca0000,0xae1a66d8,0xb3300000)
  to   space 91264K, 0% used [0xa80c0000,0xa80c0000,0xad9e0000)
 ParOldGen       total 314304K, used 178691K [0x54b00000, 0x67df0000, 0x93b00000)
  object space 314304K, 56% used [0x54b00000,0x5f980c30,0x67df0000)
 PSPermGen       total 131072K, used 21697K [0x4cb00000, 0x54b00000, 0x54b00000)
  object space 131072K, 16% used [0x4cb00000,0x4e0307e8,0x54b00000)
}

